<?xml version="1.0" encoding="UTF-8"?>
<!-- Generated by org.testng.reporters.JUnitReportReporter -->
<testsuite skipped="0" hostname="DESKTOP-J5FF4DJ" name="mvnpacckagetest.RestTest" tests="2" failures="0" timestamp="13 Mar 2020 06:46:06 GMT" time="0.002" errors="0">
  <testcase name="resttesingmsg" time="0.001" classname="mvnpacckagetest.RestTest"/>
  <testcase name="mvnresttesingmsg" time="0.001" classname="mvnpacckagetest.RestTest"/>
</testsuite> <!-- mvnpacckagetest.RestTest -->
