<?xml version="1.0" encoding="UTF-8"?>
<!-- Generated by org.testng.reporters.JUnitReportReporter -->
<testsuite skipped="0" hostname="DESKTOP-J5FF4DJ" name="mvnpacckagetest.AppiumTest" tests="2" failures="0" timestamp="13 Mar 2020 06:46:06 GMT" time="0.003" errors="0">
  <testcase name="appiumtesingmsg" time="0.002" classname="mvnpacckagetest.AppiumTest"/>
  <testcase name="mvnapmtesingmsg" time="0.001" classname="mvnpacckagetest.AppiumTest"/>
</testsuite> <!-- mvnpacckagetest.AppiumTest -->
