<?xml version="1.0" encoding="UTF-8"?>
<!-- Generated by org.testng.reporters.JUnitReportReporter -->
<testsuite skipped="0" hostname="DESKTOP-J5FF4DJ" name="mvnpacckagetest.SeleniumTest" tests="2" failures="0" timestamp="13 Mar 2020 06:59:02 GMT" time="0.001" errors="0">
  <testcase name="mantesingmsg" time="0.001" classname="mvnpacckagetest.SeleniumTest"/>
  <testcase name="seleniumtesingmsg" time="0.000" classname="mvnpacckagetest.SeleniumTest"/>
</testsuite> <!-- mvnpacckagetest.SeleniumTest -->
